<?xml version="1.0" encoding="UTF-8"?>
<coverage generated="1566129724">
  <project timestamp="1566129724">
    <package name="RattfieldNz\Shodan\Facades">
      <file name="/var/www/testproject/packages/rattfieldnz/shodan/src/Facades/ShodanFacade.php">
        <class name="RattfieldNz\Shodan\Facades\ShodanFacade" namespace="RattfieldNz\Shodan\Facades" category="PHP">
          <metrics complexity="1" methods="1" coveredmethods="0" conditionals="0" coveredconditionals="0" statements="1" coveredstatements="0" elements="2" coveredelements="0"/>
        </class>
        <line num="17" type="method" name="getFacadeAccessor" visibility="protected" complexity="1" crap="2.00" count="0"/>
        <line num="19" type="stmt" count="0"/>
        <metrics loc="21" ncloc="13" classes="1" methods="1" coveredmethods="0" conditionals="0" coveredconditionals="0" statements="1" coveredstatements="0" elements="2" coveredelements="0"/>
      </file>
    </package>
    <package name="RattfieldNz\Shodan\Libraries\Config">
      <file name="/var/www/testproject/packages/rattfieldnz/shodan/src/Libraries/Config/Config.php">
        <class name="RattfieldNz\Shodan\Libraries\Config\Config" namespace="RattfieldNz\Shodan\Libraries\Config" category="PHP">
          <metrics complexity="4" methods="2" coveredmethods="2" conditionals="0" coveredconditionals="0" statements="4" coveredstatements="4" elements="6" coveredelements="6"/>
        </class>
        <line num="23" type="method" name="shodanApiKey" visibility="public" complexity="2" crap="2" count="4"/>
        <line num="25" type="stmt" count="4"/>
        <line num="27" type="stmt" count="4"/>
        <line num="35" type="method" name="curlTimeout" visibility="public" complexity="2" crap="2" count="1"/>
        <line num="37" type="stmt" count="1"/>
        <line num="39" type="stmt" count="1"/>
        <metrics loc="41" ncloc="21" classes="1" methods="2" coveredmethods="2" conditionals="0" coveredconditionals="0" statements="4" coveredstatements="4" elements="6" coveredelements="6"/>
      </file>
    </package>
    <package name="RattfieldNz\Shodan\Libraries\Curl">
      <file name="/var/www/testproject/packages/rattfieldnz/shodan/src/Libraries/Curl/Curl.php">
        <class name="RattfieldNz\Shodan\Libraries\Curl\Curl" namespace="RattfieldNz\Shodan\Libraries\Curl" category="PHP">
          <metrics complexity="5" methods="4" coveredmethods="3" conditionals="0" coveredconditionals="0" statements="21" coveredstatements="19" elements="25" coveredelements="22"/>
        </class>
        <line num="33" type="method" name="__construct" visibility="public" complexity="2" crap="2.06" count="3"/>
        <line num="35" type="stmt" count="3"/>
        <line num="36" type="stmt" count="0"/>
        <line num="37" type="stmt" count="0"/>
        <line num="41" type="stmt" count="3"/>
        <line num="42" type="stmt" count="3"/>
        <line num="43" type="stmt" count="3"/>
        <line num="44" type="stmt" count="3"/>
        <line num="45" type="stmt" count="3"/>
        <line num="52" type="method" name="execute" visibility="public" complexity="1" crap="1" count="2"/>
        <line num="54" type="stmt" count="2"/>
        <line num="55" type="stmt" count="2"/>
        <line num="56" type="stmt" count="2"/>
        <line num="57" type="stmt" count="2"/>
        <line num="58" type="stmt" count="2"/>
        <line num="59" type="stmt" count="2"/>
        <line num="61" type="stmt" count="2"/>
        <line num="71" type="method" name="getData" visibility="public" complexity="1" crap="1" count="2"/>
        <line num="73" type="stmt" count="2"/>
        <line num="75" type="stmt" count="2"/>
        <line num="76" type="stmt" count="2"/>
        <line num="79" type="stmt" count="2"/>
        <line num="87" type="method" name="_setDefaultHeaders" visibility="private" complexity="1" crap="1" count="3"/>
        <line num="89" type="stmt" count="3"/>
        <line num="93" type="stmt" count="3"/>
        <metrics loc="94" ncloc="59" classes="1" methods="4" coveredmethods="3" conditionals="0" coveredconditionals="0" statements="21" coveredstatements="19" elements="25" coveredelements="22"/>
      </file>
    </package>
    <package name="RattfieldNz\Shodan\Libraries\Data">
      <file name="/var/www/testproject/packages/rattfieldnz/shodan/src/Libraries/Data/Data.php">
        <class name="RattfieldNz\Shodan\Libraries\Data\Data" namespace="RattfieldNz\Shodan\Libraries\Data" category="PHP">
          <metrics complexity="6" methods="4" coveredmethods="4" conditionals="0" coveredconditionals="0" statements="11" coveredstatements="11" elements="15" coveredelements="15"/>
        </class>
        <line num="20" type="method" name="__construct" visibility="public" complexity="1" crap="1" count="10"/>
        <line num="22" type="stmt" count="10"/>
        <line num="23" type="stmt" count="10"/>
        <line num="24" type="stmt" count="10"/>
        <line num="31" type="method" name="shodanApiUrl" visibility="public" complexity="1" crap="1" count="3"/>
        <line num="33" type="stmt" count="3"/>
        <line num="34" type="stmt" count="3"/>
        <line num="44" type="method" name="getIp" visibility="public" complexity="3" crap="3" count="10"/>
        <line num="46" type="stmt" count="10"/>
        <line num="47" type="stmt" count="10"/>
        <line num="48" type="stmt" count="1"/>
        <line num="51" type="stmt" count="10"/>
        <line num="53" type="stmt" count="10"/>
        <line num="61" type="method" name="getUrl" visibility="public" complexity="1" crap="1" count="3"/>
        <line num="63" type="stmt" count="3"/>
        <metrics loc="65" ncloc="40" classes="1" methods="4" coveredmethods="4" conditionals="0" coveredconditionals="0" statements="11" coveredstatements="11" elements="15" coveredelements="15"/>
      </file>
    </package>
    <package name="RattfieldNz\Shodan">
      <file name="/var/www/testproject/packages/rattfieldnz/shodan/src/Shodan.php">
        <class name="RattfieldNz\Shodan\Shodan" namespace="RattfieldNz\Shodan" category="PHP">
          <metrics complexity="9" methods="5" coveredmethods="5" conditionals="0" coveredconditionals="0" statements="14" coveredstatements="14" elements="19" coveredelements="19"/>
        </class>
        <line num="25" type="method" name="__construct" visibility="public" complexity="1" crap="1" count="5"/>
        <line num="27" type="stmt" count="5"/>
        <line num="28" type="stmt" count="5"/>
        <line num="37" type="method" name="setUrl" visibility="public" complexity="1" crap="1" count="4"/>
        <line num="39" type="stmt" count="4"/>
        <line num="40" type="stmt" count="4"/>
        <line num="41" type="stmt" count="4"/>
        <line num="51" type="method" name="check" visibility="public" complexity="3" crap="3" count="2"/>
        <line num="54" type="stmt" count="2"/>
        <line num="58" type="stmt" count="2"/>
        <line num="59" type="stmt" count="2"/>
        <line num="61" type="stmt" count="2"/>
        <line num="69" type="method" name="getUrl" visibility="public" complexity="1" crap="1" count="4"/>
        <line num="70" type="stmt" count="4"/>
        <line num="80" type="method" name="getResults" visibility="public" complexity="3" crap="3" count="3"/>
        <line num="81" type="stmt" count="3"/>
        <line num="82" type="stmt" count="1"/>
        <line num="84" type="stmt" count="2"/>
        <line num="85" type="stmt" count="2"/>
        <metrics loc="87" ncloc="53" classes="1" methods="5" coveredmethods="5" conditionals="0" coveredconditionals="0" statements="14" coveredstatements="14" elements="19" coveredelements="19"/>
      </file>
      <file name="/var/www/testproject/packages/rattfieldnz/shodan/src/ShodanServiceProvider.php">
        <class name="RattfieldNz\Shodan\ShodanServiceProvider" namespace="RattfieldNz\Shodan" category="PHP">
          <metrics complexity="10" methods="6" coveredmethods="4" conditionals="0" coveredconditionals="0" statements="30" coveredstatements="27" elements="36" coveredelements="31"/>
        </class>
        <line num="20" type="method" name="boot" visibility="public" complexity="1" crap="1" count="16"/>
        <line num="22" type="stmt" count="16"/>
        <line num="23" type="stmt" count="16"/>
        <line num="24" type="stmt" count="16"/>
        <line num="25" type="stmt" count="16"/>
        <line num="27" type="method" name="register" visibility="public" complexity="1" crap="1.00" count="16"/>
        <line num="29" type="stmt" count="16"/>
        <line num="30" type="stmt" count="16"/>
        <line num="31" type="stmt" count="16"/>
        <line num="34" type="stmt" count="16"/>
        <line num="37" type="stmt" count="0"/>
        <line num="38" type="stmt" count="16"/>
        <line num="39" type="stmt" count="16"/>
        <line num="46" type="method" name="provides" visibility="public" complexity="1" crap="1" count="1"/>
        <line num="48" type="stmt" count="1"/>
        <line num="56" type="method" name="bootForConsole" visibility="public" complexity="1" crap="1" count="1"/>
        <line num="59" type="stmt" count="1"/>
        <line num="60" type="stmt" count="1"/>
        <line num="61" type="stmt" count="1"/>
        <line num="64" type="stmt" count="1"/>
        <line num="65" type="stmt" count="1"/>
        <line num="75" type="method" name="mergeConfigFrom" visibility="protected" complexity="1" crap="1" count="16"/>
        <line num="77" type="stmt" count="16"/>
        <line num="78" type="stmt" count="16"/>
        <line num="79" type="stmt" count="16"/>
        <line num="89" type="method" name="mergeConfig" visibility="protected" complexity="5" crap="5.20" count="16"/>
        <line num="91" type="stmt" count="16"/>
        <line num="92" type="stmt" count="16"/>
        <line num="93" type="stmt" count="1"/>
        <line num="94" type="stmt" count="1"/>
        <line num="96" type="stmt" count="1"/>
        <line num="97" type="stmt" count="0"/>
        <line num="99" type="stmt" count="1"/>
        <line num="100" type="stmt" count="0"/>
        <line num="102" type="stmt" count="1"/>
        <line num="105" type="stmt" count="16"/>
        <metrics loc="107" ncloc="69" classes="1" methods="6" coveredmethods="4" conditionals="0" coveredconditionals="0" statements="30" coveredstatements="27" elements="36" coveredelements="31"/>
      </file>
    </package>
    <metrics files="6" loc="415" ncloc="255" classes="6" methods="22" coveredmethods="18" conditionals="0" coveredconditionals="0" statements="81" coveredstatements="75" elements="103" coveredelements="93"/>
  </project>
</coverage>
