<?xml version="1.0" encoding="UTF-8"?>
<coverage generated="1566089317">
  <project timestamp="1566089317">
    <package name="RattfieldNz\Shodan\Facades">
      <file name="/var/www/testproject/packages/rattfieldnz/shodan/src/Facades/ShodanFacade.php">
        <class name="RattfieldNz\Shodan\Facades\ShodanFacade" namespace="RattfieldNz\Shodan\Facades" fullPackage="RattfieldNz" category="PHP" package="RattfieldNz">
          <metrics complexity="1" methods="1" coveredmethods="0" conditionals="0" coveredconditionals="0" statements="1" coveredstatements="0" elements="2" coveredelements="0"/>
        </class>
        <line num="19" type="method" name="getFacadeAccessor" visibility="protected" complexity="1" crap="2.00" count="0"/>
        <line num="21" type="stmt" count="0"/>
        <metrics loc="23" ncloc="13" classes="1" methods="1" coveredmethods="0" conditionals="0" coveredconditionals="0" statements="1" coveredstatements="0" elements="2" coveredelements="0"/>
      </file>
    </package>
    <package name="RattfieldNz\Shodan\Libraries\Config">
      <file name="/var/www/testproject/packages/rattfieldnz/shodan/src/Libraries/Config/Config.php">
        <class name="RattfieldNz\Shodan\Libraries\Config\Config" namespace="RattfieldNz\Shodan\Libraries\Config" fullPackage="RattfieldNz" category="PHP" package="RattfieldNz">
          <metrics complexity="4" methods="2" coveredmethods="2" conditionals="0" coveredconditionals="0" statements="4" coveredstatements="4" elements="6" coveredelements="6"/>
        </class>
        <line num="25" type="method" name="shodanApiKey" visibility="public" complexity="2" crap="2" count="1"/>
        <line num="27" type="stmt" count="1"/>
        <line num="29" type="stmt" count="1"/>
        <line num="37" type="method" name="curlTimeout" visibility="public" complexity="2" crap="2" count="1"/>
        <line num="39" type="stmt" count="1"/>
        <line num="41" type="stmt" count="1"/>
        <metrics loc="43" ncloc="21" classes="1" methods="2" coveredmethods="2" conditionals="0" coveredconditionals="0" statements="4" coveredstatements="4" elements="6" coveredelements="6"/>
      </file>
    </package>
    <package name="RattfieldNz\Shodan">
      <file name="/var/www/testproject/packages/rattfieldnz/shodan/src/Shodan.php">
        <class name="RattfieldNz\Shodan\Shodan" namespace="RattfieldNz\Shodan" fullPackage="RattfieldNz" category="PHP" package="RattfieldNz">
          <metrics complexity="0" methods="0" coveredmethods="0" conditionals="0" coveredconditionals="0" statements="0" coveredstatements="0" elements="0" coveredelements="0"/>
        </class>
        <metrics loc="17" ncloc="7" classes="0" methods="0" coveredmethods="0" conditionals="0" coveredconditionals="0" statements="0" coveredstatements="0" elements="0" coveredelements="0"/>
      </file>
      <file name="/var/www/testproject/packages/rattfieldnz/shodan/src/ShodanServiceProvider.php">
        <class name="RattfieldNz\Shodan\ShodanServiceProvider" namespace="RattfieldNz\Shodan" fullPackage="RattfieldNz" category="PHP" package="RattfieldNz">
          <metrics complexity="10" methods="6" coveredmethods="4" conditionals="0" coveredconditionals="0" statements="30" coveredstatements="27" elements="36" coveredelements="31"/>
        </class>
        <line num="21" type="method" name="boot" visibility="public" complexity="1" crap="1" count="7"/>
        <line num="23" type="stmt" count="7"/>
        <line num="24" type="stmt" count="7"/>
        <line num="25" type="stmt" count="7"/>
        <line num="26" type="stmt" count="7"/>
        <line num="28" type="method" name="register" visibility="public" complexity="1" crap="1.00" count="7"/>
        <line num="30" type="stmt" count="7"/>
        <line num="31" type="stmt" count="7"/>
        <line num="32" type="stmt" count="7"/>
        <line num="35" type="stmt" count="7"/>
        <line num="38" type="stmt" count="0"/>
        <line num="39" type="stmt" count="7"/>
        <line num="40" type="stmt" count="7"/>
        <line num="47" type="method" name="provides" visibility="public" complexity="1" crap="1" count="1"/>
        <line num="49" type="stmt" count="1"/>
        <line num="57" type="method" name="bootForConsole" visibility="public" complexity="1" crap="1" count="1"/>
        <line num="60" type="stmt" count="1"/>
        <line num="61" type="stmt" count="1"/>
        <line num="62" type="stmt" count="1"/>
        <line num="65" type="stmt" count="1"/>
        <line num="66" type="stmt" count="1"/>
        <line num="76" type="method" name="mergeConfigFrom" visibility="protected" complexity="1" crap="1" count="7"/>
        <line num="78" type="stmt" count="7"/>
        <line num="79" type="stmt" count="7"/>
        <line num="80" type="stmt" count="7"/>
        <line num="90" type="method" name="mergeConfig" visibility="protected" complexity="5" crap="5.20" count="7"/>
        <line num="92" type="stmt" count="7"/>
        <line num="93" type="stmt" count="7"/>
        <line num="94" type="stmt" count="1"/>
        <line num="95" type="stmt" count="1"/>
        <line num="97" type="stmt" count="1"/>
        <line num="98" type="stmt" count="0"/>
        <line num="100" type="stmt" count="1"/>
        <line num="101" type="stmt" count="0"/>
        <line num="103" type="stmt" count="1"/>
        <line num="106" type="stmt" count="7"/>
        <metrics loc="108" ncloc="69" classes="1" methods="6" coveredmethods="4" conditionals="0" coveredconditionals="0" statements="30" coveredstatements="27" elements="36" coveredelements="31"/>
      </file>
    </package>
    <metrics files="4" loc="191" ncloc="110" classes="3" methods="9" coveredmethods="6" conditionals="0" coveredconditionals="0" statements="35" coveredstatements="31" elements="44" coveredelements="37"/>
  </project>
</coverage>
